This file contains any messages produced by compilers while
running configure, to aid debugging if configure makes a mistake.

It was created by libcfu configure 0.04, which was
generated by GNU Autoconf 2.72.  Invocation command line was

  $ ./configure

## --------- ##
## Platform. ##
## --------- ##

hostname = Alien.lan
uname -m = arm64
uname -r = 23.5.0
uname -s = Darwin
uname -v = Darwin Kernel Version 23.5.0: Wed May  1 20:14:38 PDT 2024; root:xnu-10063.121.3~5/RELEASE_ARM64_T6020

/usr/bin/uname -p = arm
/bin/uname -X     = unknown

/bin/arch              = unknown
/usr/bin/arch -k       = unknown
/usr/convex/getsysinfo = unknown
/usr/bin/hostinfo      = Mach kernel version:
	 Darwin Kernel Version 23.5.0: Wed May  1 20:14:38 PDT 2024; root:xnu-10063.121.3~5/RELEASE_ARM64_T6020
Kernel configured for up to 12 processors.
12 processors are physically available.
12 processors are logically available.
Processor type: arm64e (ARM64E)
Processors active: 0 1 2 3 4 5 6 7 8 9 10 11
Primary memory available: 16.00 gigabytes
Default processor set: 639 tasks, 4289 threads, 12 processors
Load average: 1.89, Mach factor: 10.10
/bin/machine           = unknown
/usr/bin/oslevel       = unknown
/bin/universe          = unknown

PATH: /opt/homebrew/bin/
PATH: /opt/homebrew/sbin/
PATH: /Library/Frameworks/Python.framework/Versions/3.11/bin/
PATH: /usr/local/bin/
PATH: /System/Cryptexes/App/usr/bin/
PATH: /usr/bin/
PATH: /bin/
PATH: /usr/sbin/
PATH: /sbin/
PATH: /var/run/com.apple.security.cryptexd/codex.system/bootstrap/usr/local/bin/
PATH: /var/run/com.apple.security.cryptexd/codex.system/bootstrap/usr/bin/
PATH: /var/run/com.apple.security.cryptexd/codex.system/bootstrap/usr/appleinternal/bin/
PATH: /opt/anaconda3/bin/
PATH: /opt/anaconda3/condabin/
PATH: /opt/homebrew/bin/
PATH: /opt/homebrew/sbin/
PATH: /Library/Frameworks/Python.framework/Versions/3.11/bin/
PATH: /Users/ace/.cargo/bin/


## ----------- ##
## Core tests. ##
## ----------- ##

configure:2540: looking for aux files: compile config.guess config.sub ltmain.sh missing install-sh
configure:2553:  trying ./build-aux/
configure:2582:   ./build-aux/compile found
configure:2582:   ./build-aux/config.guess found
configure:2582:   ./build-aux/config.sub found
configure:2582:   ./build-aux/ltmain.sh found
configure:2582:   ./build-aux/missing found
configure:2564:   ./build-aux/install-sh found
configure:2717: checking for a BSD-compatible install
configure:2791: result: /usr/bin/install -c
configure:2802: checking whether build environment is sane
configure:2857: result: yes
configure:3018: checking for a race-free mkdir -p
configure:3061: result: mkdir -p
configure:3068: checking for gawk
configure:3104: result: no
configure:3068: checking for mawk
configure:3104: result: no
configure:3068: checking for nawk
configure:3104: result: no
configure:3068: checking for awk
configure:3089: found /usr/bin/awk
configure:3101: result: awk
configure:3112: checking whether make sets $(MAKE)
configure:3136: result: yes
configure:3166: checking whether make supports nested variables
configure:3185: result: yes
configure:3333: checking whether make supports nested variables
configure:3352: result: yes
configure:3395: checking build system type
configure:3411: result: aarch64-apple-darwin23.5.0
configure:3431: checking host system type
configure:3446: result: aarch64-apple-darwin23.5.0
configure:3487: checking how to print strings
configure:3514: result: printf
configure:3548: checking whether make supports the include directive
configure:3563: make -f confmf.GNU && cat confinc.out
this is the am__doit target
configure:3566: $? = 0
configure:3585: result: yes (GNU style)
configure:3662: checking for gcc
configure:3683: found /usr/bin/gcc
configure:3695: result: gcc
configure:4054: checking for C compiler version
configure:4063: gcc --version >&5
Apple clang version 15.0.0 (clang-1500.0.40.1)
Target: arm64-apple-darwin23.5.0
Thread model: posix
InstalledDir: /Library/Developer/CommandLineTools/usr/bin
configure:4074: $? = 0
configure:4063: gcc -v >&5
Apple clang version 15.0.0 (clang-1500.0.40.1)
Target: arm64-apple-darwin23.5.0
Thread model: posix
InstalledDir: /Library/Developer/CommandLineTools/usr/bin
configure:4074: $? = 0
configure:4063: gcc -V >&5
clang: error: argument to '-V' is missing (expected 1 value)
clang: error: no input files
configure:4074: $? = 1
configure:4063: gcc -qversion >&5
clang: error: unknown argument '-qversion'; did you mean '--version'?
clang: error: no input files
configure:4074: $? = 1
configure:4063: gcc -version >&5
clang: error: unknown argument '-version'; did you mean '--version'?
clang: error: no input files
configure:4074: $? = 1
configure:4094: checking whether the C compiler works
configure:4116: gcc    conftest.c  >&5
configure:4120: $? = 0
configure:4171: result: yes
configure:4175: checking for C compiler default output file name
configure:4177: result: a.out
configure:4183: checking for suffix of executables
configure:4190: gcc -o conftest    conftest.c  >&5
configure:4194: $? = 0
configure:4218: result: 
configure:4242: checking whether we are cross compiling
configure:4250: gcc -o conftest    conftest.c  >&5
configure:4254: $? = 0
configure:4261: ./conftest
configure:4265: $? = 0
configure:4280: result: no
configure:4286: checking for suffix of object files
configure:4309: gcc -c   conftest.c >&5
configure:4313: $? = 0
configure:4337: result: o
configure:4341: checking whether the compiler supports GNU C
configure:4361: gcc -c   conftest.c >&5
configure:4361: $? = 0
configure:4373: result: yes
configure:4384: checking whether gcc accepts -g
configure:4405: gcc -c -g  conftest.c >&5
configure:4405: $? = 0
configure:4452: result: yes
configure:4472: checking for gcc option to enable C11 features
configure:4487: gcc  -c -g -O2  conftest.c >&5
configure:4487: $? = 0
configure:4506: result: none needed
configure:4630: checking whether gcc understands -c and -o together
configure:4653: gcc -c conftest.c -o conftest2.o
configure:4656: $? = 0
configure:4653: gcc -c conftest.c -o conftest2.o
configure:4656: $? = 0
configure:4669: result: yes
configure:4688: checking dependency style of gcc
configure:4801: result: gcc3
configure:4816: checking for a sed that does not truncate output
configure:4888: result: /usr/bin/sed
configure:4906: checking for grep that handles long lines and -e
configure:4972: result: /usr/bin/grep
configure:4977: checking for egrep
configure:5047: result: /usr/bin/grep -E
configure:5054: checking for fgrep
configure:5124: result: /usr/bin/grep -F
configure:5161: checking for ld used by gcc
configure:5230: result: /Library/Developer/CommandLineTools/usr/bin/ld
configure:5237: checking if the linker (/Library/Developer/CommandLineTools/usr/bin/ld) is GNU ld
configure:5254: result: no
configure:5266: checking for BSD- or MS-compatible name lister (nm)
configure:5322: result: /usr/bin/nm -B
configure:5464: checking the name lister (/usr/bin/nm -B) interface
configure:5472: gcc -c -g -O2  conftest.c >&5
configure:5475: /usr/bin/nm -B "conftest.o"
configure:5478: output
000000000000022c S _some_variable
0000000000000000 t ltmp0
000000000000022c s ltmp1
configure:5486: result: BSD nm
configure:5489: checking whether ln -s works
configure:5493: result: yes
configure:5501: checking the maximum length of command line arguments
configure:5634: result: 786432
configure:5682: checking how to convert aarch64-apple-darwin23.5.0 file names to aarch64-apple-darwin23.5.0 format
configure:5724: result: func_convert_file_noop
configure:5731: checking how to convert aarch64-apple-darwin23.5.0 file names to toolchain format
configure:5753: result: func_convert_file_noop
configure:5760: checking for /Library/Developer/CommandLineTools/usr/bin/ld option to reload object files
configure:5769: result: -r
configure:5849: checking for file
configure:5870: found /usr/bin/file
configure:5882: result: file
configure:5959: checking for objdump
configure:5980: found /usr/bin/objdump
configure:5992: result: objdump
configure:6024: checking how to recognize dependent libraries
configure:6226: result: pass_all
configure:6317: checking for dlltool
configure:6353: result: no
configure:6383: checking how to associate runtime and link libraries
configure:6412: result: printf %s\n
configure:6479: checking for ar
configure:6500: found /usr/bin/ar
configure:6512: result: ar
configure:6565: checking for archiver @FILE support
configure:6583: gcc -c -g -O2  conftest.c >&5
configure:6583: $? = 0
configure:6587: ar cr libconftest.a @conftest.lst >&5
ar: @conftest.lst: No such file or directory
configure:6590: $? = 1
configure:6611: result: no
configure:6675: checking for strip
configure:6696: found /usr/bin/strip
configure:6708: result: strip
configure:6786: checking for ranlib
configure:6807: found /usr/bin/ranlib
configure:6819: result: ranlib
configure:6921: checking command to parse /usr/bin/nm -B output from gcc object
configure:7075: gcc -c -g -O2  conftest.c >&5
configure:7078: $? = 0
configure:7082: /usr/bin/nm -B conftest.o \| /usr/bin/sed -n -e 's/^.*[ ]\([ABCDGIRSTW][ABCDGIRSTW]*\)[ ][ ]*\([_A-Za-z][_A-Za-z0-9]*\)$/\1 \2 \2/p' | /usr/bin/sed '/ __gnu_lto/d' \> conftest.nm
configure:7085: $? = 0
cannot find nm_test_var in conftest.nm
configure:7075: gcc -c -g -O2  conftest.c >&5
configure:7078: $? = 0
configure:7082: /usr/bin/nm -B conftest.o \| /usr/bin/sed -n -e 's/^.*[ ]\([ABCDGIRSTW][ABCDGIRSTW]*\)[ ][ ]*_\([_A-Za-z][_A-Za-z0-9]*\)$/\1 _\2 \2/p' | /usr/bin/sed '/ __gnu_lto/d' \> conftest.nm
configure:7085: $? = 0
configure:7151: gcc -o conftest -g -O2   conftest.c conftstm.o >&5
configure:7154: $? = 0
configure:7193: result: ok
configure:7240: checking for sysroot
configure:7272: result: no
configure:7279: checking for a working dd
configure:7324: result: /bin/dd
configure:7328: checking how to truncate binary pipes
configure:7345: result: /bin/dd bs=4096 count=1
configure:7685: checking for mt
configure:7721: result: no
configure:7741: checking if : is a manifest tool
configure:7748: : '-?'
configure:7757: result: no
configure:7819: checking for dsymutil
configure:7840: found /usr/bin/dsymutil
configure:7852: result: dsymutil
configure:7923: checking for nmedit
configure:7944: found /usr/bin/nmedit
configure:7956: result: nmedit
configure:8027: checking for lipo
configure:8048: found /usr/bin/lipo
configure:8060: result: lipo
configure:8131: checking for otool
configure:8152: found /usr/bin/otool
configure:8164: result: otool
configure:8235: checking for otool64
configure:8271: result: no
configure:8316: checking for -single_module linker flag
gcc -g -O2  -o libconftest.dylib -dynamiclib -Wl,-single_module conftest.c
ld: warning: -single_module is obsolete
configure:8351: result: no
configure:8354: checking for -exported_symbols_list linker flag
configure:8375: gcc -o conftest -g -O2   -Wl,-exported_symbols_list,conftest.sym conftest.c  >&5
configure:8375: $? = 0
configure:8388: result: yes
configure:8391: checking for -force_load linker flag
gcc -g -O2 -c -o conftest.o conftest.c
ar cr libconftest.a conftest.o
ranlib libconftest.a
gcc -g -O2  -o conftest conftest.c -Wl,-force_load,./libconftest.a
configure:8425: result: yes
configure:8496: checking for stdio.h
configure:8496: gcc -c -g -O2  conftest.c >&5
configure:8496: $? = 0
configure:8496: result: yes
configure:8496: checking for stdlib.h
configure:8496: gcc -c -g -O2  conftest.c >&5
configure:8496: $? = 0
configure:8496: result: yes
configure:8496: checking for string.h
configure:8496: gcc -c -g -O2  conftest.c >&5
configure:8496: $? = 0
configure:8496: result: yes
configure:8496: checking for inttypes.h
configure:8496: gcc -c -g -O2  conftest.c >&5
configure:8496: $? = 0
configure:8496: result: yes
configure:8496: checking for stdint.h
configure:8496: gcc -c -g -O2  conftest.c >&5
configure:8496: $? = 0
configure:8496: result: yes
configure:8496: checking for strings.h
configure:8496: gcc -c -g -O2  conftest.c >&5
configure:8496: $? = 0
configure:8496: result: yes
configure:8496: checking for sys/stat.h
configure:8496: gcc -c -g -O2  conftest.c >&5
configure:8496: $? = 0
configure:8496: result: yes
configure:8496: checking for sys/types.h
configure:8496: gcc -c -g -O2  conftest.c >&5
configure:8496: $? = 0
configure:8496: result: yes
configure:8496: checking for unistd.h
configure:8496: gcc -c -g -O2  conftest.c >&5
configure:8496: $? = 0
configure:8496: result: yes
configure:8496: checking for sys/time.h
configure:8496: gcc -c -g -O2  conftest.c >&5
configure:8496: $? = 0
configure:8496: result: yes
configure:8521: checking for dlfcn.h
configure:8521: gcc -c -g -O2  conftest.c >&5
configure:8521: $? = 0
configure:8521: result: yes
configure:8786: checking for objdir
configure:8803: result: .libs
configure:9069: checking if gcc supports -fno-rtti -fno-exceptions
configure:9088: gcc -c -g -O2  -fno-rtti -fno-exceptions conftest.c >&5
configure:9092: $? = 0
configure:9106: result: yes
configure:9464: checking for gcc option to produce PIC
configure:9473: result: -fno-common -DPIC
configure:9481: checking if gcc PIC flag -fno-common -DPIC works
configure:9500: gcc -c -g -O2  -fno-common -DPIC -DPIC conftest.c >&5
configure:9504: $? = 0
configure:9518: result: yes
configure:9547: checking if gcc static flag -static works
configure:9577: result: no
configure:9592: checking if gcc supports -c -o file.o
configure:9614: gcc -c -g -O2  -o out/conftest2.o conftest.c >&5
configure:9618: $? = 0
configure:9641: result: yes
configure:9649: checking if gcc supports -c -o file.o
configure:9698: result: yes
configure:9731: checking whether the gcc linker (/Library/Developer/CommandLineTools/usr/bin/ld) supports shared libraries
configure:11004: result: yes
configure:11246: checking dynamic linker characteristics
configure:12068: result: darwin23.5.0 dyld
configure:12190: checking how to hardcode library paths into programs
configure:12215: result: immediate
configure:12815: checking whether stripping libraries is possible
configure:12832: result: yes
configure:12866: checking if libtool supports shared libraries
configure:12868: result: yes
configure:12871: checking whether to build shared libraries
configure:12896: result: yes
configure:12899: checking whether to build static libraries
configure:12903: result: yes
configure:12995: checking for gcc
configure:13028: result: gcc
configure:13387: checking for C compiler version
configure:13396: gcc --version >&5
Apple clang version 15.0.0 (clang-1500.0.40.1)
Target: arm64-apple-darwin23.5.0
Thread model: posix
InstalledDir: /Library/Developer/CommandLineTools/usr/bin
configure:13407: $? = 0
configure:13396: gcc -v >&5
Apple clang version 15.0.0 (clang-1500.0.40.1)
Target: arm64-apple-darwin23.5.0
Thread model: posix
InstalledDir: /Library/Developer/CommandLineTools/usr/bin
configure:13407: $? = 0
configure:13396: gcc -V >&5
clang: error: argument to '-V' is missing (expected 1 value)
clang: error: no input files
configure:13407: $? = 1
configure:13396: gcc -qversion >&5
clang: error: unknown argument '-qversion'; did you mean '--version'?
clang: error: no input files
configure:13407: $? = 1
configure:13396: gcc -version >&5
clang: error: unknown argument '-version'; did you mean '--version'?
clang: error: no input files
configure:13407: $? = 1
configure:13411: checking whether the compiler supports GNU C
configure:13443: result: yes
configure:13454: checking whether gcc accepts -g
configure:13522: result: yes
configure:13542: checking for gcc option to enable C11 features
configure:13576: result: none needed
configure:13700: checking whether gcc understands -c and -o together
configure:13739: result: yes
configure:13758: checking dependency style of gcc
configure:13871: result: gcc3
configure:13892: checking for egrep
configure:13962: result: /usr/bin/grep -E
configure:13971: checking whether to enable assertions
configure:13993: result: yes
configure:14006: checking for stdarg.h
configure:14006: gcc -c -g -O2  conftest.c >&5
configure:14006: $? = 0
configure:14006: result: yes
configure:14012: checking for sys/time.h
configure:14012: result: yes
configure:14021: checking for an ANSI C-conforming const
configure:14088: gcc -c -g -O2  conftest.c >&5
configure:14088: $? = 0
configure:14098: result: yes
configure:14106: checking for inline
configure:14123: gcc -c -g -O2  conftest.c >&5
configure:14123: $? = 0
configure:14133: result: inline
configure:14151: checking for size_t
configure:14151: gcc -c -g -O2  conftest.c >&5
configure:14151: $? = 0
configure:14151: gcc -c -g -O2  conftest.c >&5
conftest.c:58:21: error: expected expression
if (sizeof ((size_t)))
                    ^
1 error generated.
configure:14151: $? = 1
configure: failed program was:
| /* confdefs.h */
| #define PACKAGE_NAME "libcfu"
| #define PACKAGE_TARNAME "libcfu"
| #define PACKAGE_VERSION "0.04"
| #define PACKAGE_STRING "libcfu 0.04"
| #define PACKAGE_BUGREPORT "mbrush@codebrainz.ca"
| #define PACKAGE_URL ""
| #define PACKAGE "libcfu"
| #define VERSION "0.04"
| #define HAVE_STDIO_H 1
| #define HAVE_STDLIB_H 1
| #define HAVE_STRING_H 1
| #define HAVE_INTTYPES_H 1
| #define HAVE_STDINT_H 1
| #define HAVE_STRINGS_H 1
| #define HAVE_SYS_STAT_H 1
| #define HAVE_SYS_TYPES_H 1
| #define HAVE_UNISTD_H 1
| #define HAVE_SYS_TIME_H 1
| #define STDC_HEADERS 1
| #define HAVE_DLFCN_H 1
| #define LT_OBJDIR ".libs/"
| #define TIME_WITH_SYS_TIME 1
| #define HAVE_STDARG_H 1
| #define HAVE_SYS_TIME_H 1
| /* end confdefs.h.  */
| #include <stddef.h>
| #ifdef HAVE_STDIO_H
| # include <stdio.h>
| #endif
| #ifdef HAVE_STDLIB_H
| # include <stdlib.h>
| #endif
| #ifdef HAVE_STRING_H
| # include <string.h>
| #endif
| #ifdef HAVE_INTTYPES_H
| # include <inttypes.h>
| #endif
| #ifdef HAVE_STDINT_H
| # include <stdint.h>
| #endif
| #ifdef HAVE_STRINGS_H
| # include <strings.h>
| #endif
| #ifdef HAVE_SYS_TYPES_H
| # include <sys/types.h>
| #endif
| #ifdef HAVE_SYS_STAT_H
| # include <sys/stat.h>
| #endif
| #ifdef HAVE_UNISTD_H
| # include <unistd.h>
| #endif
| int
| main (void)
| {
| if (sizeof ((size_t)))
| 	    return 0;
|   ;
|   return 0;
| }
configure:14151: result: yes
configure:14162: checking for uint64_t
configure:14162: gcc -c -g -O2  conftest.c >&5
configure:14162: $? = 0
configure:14162: result: yes
configure:14176: checking for GNU libc compatible malloc
configure:14208: gcc -o conftest -g -O2   conftest.c  >&5
configure:14208: $? = 0
configure:14208: ./conftest
configure:14208: $? = 0
configure:14222: result: yes
configure:14245: checking for working memcmp
configure:14290: gcc -o conftest -g -O2   conftest.c  >&5
configure:14290: $? = 0
configure:14290: ./conftest
configure:14290: $? = 0
configure:14304: result: yes
configure:14313: checking for gettimeofday
configure:14313: gcc -o conftest -g -O2   conftest.c  >&5
configure:14313: $? = 0
configure:14313: result: yes
configure:14319: checking for memset
configure:14319: gcc -o conftest -g -O2   conftest.c  >&5
conftest.c:45:6: warning: incompatible redeclaration of library function 'memset' [-Wincompatible-library-redeclaration]
char memset (void);
     ^
conftest.c:45:6: note: 'memset' is a builtin with type 'void *(void *, int, unsigned long)'
1 warning generated.
configure:14319: $? = 0
configure:14319: result: yes
configure:14325: checking for snprintf
configure:14325: gcc -o conftest -g -O2   conftest.c  >&5
conftest.c:46:6: warning: incompatible redeclaration of library function 'snprintf' [-Wincompatible-library-redeclaration]
char snprintf (void);
     ^
conftest.c:46:6: note: 'snprintf' is a builtin with type 'int (char *, unsigned long, const char *, ...)'
1 warning generated.
configure:14325: $? = 0
configure:14325: result: yes
configure:14331: checking for strcasecmp
configure:14331: gcc -o conftest -g -O2   conftest.c  >&5
conftest.c:47:6: warning: incompatible redeclaration of library function 'strcasecmp' [-Wincompatible-library-redeclaration]
char strcasecmp (void);
     ^
conftest.c:47:6: note: 'strcasecmp' is a builtin with type 'int (const char *, const char *)'
1 warning generated.
configure:14331: $? = 0
configure:14331: result: yes
configure:14337: checking for strncasecmp
configure:14337: gcc -o conftest -g -O2   conftest.c  >&5
conftest.c:48:6: warning: incompatible redeclaration of library function 'strncasecmp' [-Wincompatible-library-redeclaration]
char strncasecmp (void);
     ^
conftest.c:48:6: note: 'strncasecmp' is a builtin with type 'int (const char *, const char *, unsigned long)'
1 warning generated.
configure:14337: $? = 0
configure:14337: result: yes
configure:14343: checking for vsnprintf
configure:14343: gcc -o conftest -g -O2   conftest.c  >&5
conftest.c:49:6: warning: incompatible redeclaration of library function 'vsnprintf' [-Wincompatible-library-redeclaration]
char vsnprintf (void);
     ^
conftest.c:49:6: note: 'vsnprintf' is a builtin with type 'int (char *, unsigned long, const char *, __builtin_va_list)'
1 warning generated.
configure:14343: $? = 0
configure:14343: result: yes
configure:14355: checking for clock_gettime
configure:14355: gcc -o conftest -g -O2   conftest.c  >&5
configure:14355: $? = 0
configure:14355: result: yes
configure:14418: checking for pthread_create in -lpthread
configure:14447: gcc -o conftest -g -O2   conftest.c -lpthread   >&5
configure:14447: $? = 0
configure:14459: result: yes
configure:14465: checking for pthread.h
configure:14465: gcc -c -g -O2  conftest.c >&5
configure:14465: $? = 0
configure:14465: result: yes
configure:14607: checking that generated files are newer than configure
configure:14613: result: done
configure:14644: creating ./config.status

## ---------------------- ##
## Running config.status. ##
## ---------------------- ##

This file was extended by libcfu config.status 0.04, which was
generated by GNU Autoconf 2.72.  Invocation command line was

  CONFIG_FILES    = 
  CONFIG_HEADERS  = 
  CONFIG_LINKS    = 
  CONFIG_COMMANDS = 
  $ ./config.status 

on Alien.lan

config.status:1103: creating libcfu.pc
config.status:1103: creating Makefile
config.status:1103: creating src/Makefile
config.status:1103: creating examples/Makefile
config.status:1103: creating doc/Makefile
config.status:1103: creating src/config.h
config.status:1332: executing depfiles commands
config.status:1409: cd src       && sed -e '/# am--include-marker/d' Makefile         | make -f - am--depfiles
config.status:1414: $? = 0
config.status:1409: cd examples       && sed -e '/# am--include-marker/d' Makefile         | make -f - am--depfiles
config.status:1414: $? = 0
config.status:1332: executing libtool commands

## ---------------- ##
## Cache variables. ##
## ---------------- ##

ac_cv_build=aarch64-apple-darwin23.5.0
ac_cv_c_compiler_gnu=yes
ac_cv_c_const=yes
ac_cv_c_inline=inline
ac_cv_c_uint64_t=yes
ac_cv_env_CC_set=
ac_cv_env_CC_value=
ac_cv_env_CFLAGS_set=
ac_cv_env_CFLAGS_value=
ac_cv_env_CPPFLAGS_set=
ac_cv_env_CPPFLAGS_value=
ac_cv_env_LDFLAGS_set=
ac_cv_env_LDFLAGS_value=
ac_cv_env_LIBS_set=
ac_cv_env_LIBS_value=
ac_cv_env_LT_SYS_LIBRARY_PATH_set=
ac_cv_env_LT_SYS_LIBRARY_PATH_value=
ac_cv_env_build_alias_set=
ac_cv_env_build_alias_value=
ac_cv_env_host_alias_set=
ac_cv_env_host_alias_value=
ac_cv_env_target_alias_set=
ac_cv_env_target_alias_value=
ac_cv_func_clock_gettime=yes
ac_cv_func_gettimeofday=yes
ac_cv_func_malloc_0_nonnull=yes
ac_cv_func_memcmp_working=yes
ac_cv_func_memset=yes
ac_cv_func_snprintf=yes
ac_cv_func_strcasecmp=yes
ac_cv_func_strncasecmp=yes
ac_cv_func_vsnprintf=yes
ac_cv_header_dlfcn_h=yes
ac_cv_header_inttypes_h=yes
ac_cv_header_pthread_h=yes
ac_cv_header_stdarg_h=yes
ac_cv_header_stdint_h=yes
ac_cv_header_stdio_h=yes
ac_cv_header_stdlib_h=yes
ac_cv_header_string_h=yes
ac_cv_header_strings_h=yes
ac_cv_header_sys_stat_h=yes
ac_cv_header_sys_time_h=yes
ac_cv_header_sys_types_h=yes
ac_cv_header_unistd_h=yes
ac_cv_host=aarch64-apple-darwin23.5.0
ac_cv_lib_pthread_pthread_create=yes
ac_cv_objext=o
ac_cv_path_EGREP='/usr/bin/grep -E'
ac_cv_path_EGREP_TRADITIONAL='/usr/bin/grep -E'
ac_cv_path_FGREP='/usr/bin/grep -F'
ac_cv_path_GREP=/usr/bin/grep
ac_cv_path_SED=/usr/bin/sed
ac_cv_path_install='/usr/bin/install -c'
ac_cv_path_lt_DD=/bin/dd
ac_cv_prog_AWK=awk
ac_cv_prog_ac_ct_AR=ar
ac_cv_prog_ac_ct_CC=gcc
ac_cv_prog_ac_ct_DSYMUTIL=dsymutil
ac_cv_prog_ac_ct_FILECMD=file
ac_cv_prog_ac_ct_LIPO=lipo
ac_cv_prog_ac_ct_NMEDIT=nmedit
ac_cv_prog_ac_ct_OBJDUMP=objdump
ac_cv_prog_ac_ct_OTOOL=otool
ac_cv_prog_ac_ct_RANLIB=ranlib
ac_cv_prog_ac_ct_STRIP=strip
ac_cv_prog_cc_c11=
ac_cv_prog_cc_g=yes
ac_cv_prog_cc_stdc=
ac_cv_prog_make_make_set=yes
ac_cv_type_size_t=yes
am_cv_CC_dependencies_compiler_type=gcc3
am_cv_make_support_nested_variables=yes
am_cv_prog_cc_c_o=yes
lt_cv_apple_cc_single_mod=no
lt_cv_ar_at_file=no
lt_cv_deplibs_check_method=pass_all
lt_cv_file_magic_cmd='$MAGIC_CMD'
lt_cv_file_magic_test_file=
lt_cv_ld_exported_symbols_list=yes
lt_cv_ld_force_load=yes
lt_cv_ld_reload_flag=-r
lt_cv_nm_interface='BSD nm'
lt_cv_objdir=.libs
lt_cv_path_LD=/Library/Developer/CommandLineTools/usr/bin/ld
lt_cv_path_NM='/usr/bin/nm -B'
lt_cv_path_mainfest_tool=no
lt_cv_prog_compiler_c_o=yes
lt_cv_prog_compiler_pic='-fno-common -DPIC'
lt_cv_prog_compiler_pic_works=yes
lt_cv_prog_compiler_rtti_exceptions=yes
lt_cv_prog_compiler_static_works=no
lt_cv_prog_gnu_ld=no
lt_cv_sharedlib_from_linklib_cmd='printf %s\n'
lt_cv_sys_global_symbol_pipe='/usr/bin/sed -n -e '\''s/^.*[	 ]\([ABCDGIRSTW][ABCDGIRSTW]*\)[	 ][	 ]*_\([_A-Za-z][_A-Za-z0-9]*\)$/\1 _\2 \2/p'\'' | /usr/bin/sed '\''/ __gnu_lto/d'\'''
lt_cv_sys_global_symbol_to_c_name_address='/usr/bin/sed -n -e '\''s/^: \(.*\) .*$/  {"\1", (void *) 0},/p'\'' -e '\''s/^[ABCDGIRSTW][ABCDGIRSTW]* .* \(.*\)$/  {"\1", (void *) \&\1},/p'\'''
lt_cv_sys_global_symbol_to_c_name_address_lib_prefix='/usr/bin/sed -n -e '\''s/^: \(.*\) .*$/  {"\1", (void *) 0},/p'\'' -e '\''s/^[ABCDGIRSTW][ABCDGIRSTW]* .* \(lib.*\)$/  {"\1", (void *) \&\1},/p'\'' -e '\''s/^[ABCDGIRSTW][ABCDGIRSTW]* .* \(.*\)$/  {"lib\1", (void *) \&\1},/p'\'''
lt_cv_sys_global_symbol_to_cdecl='/usr/bin/sed -n -e '\''s/^T .* \(.*\)$/extern int \1();/p'\'' -e '\''s/^[ABCDGIRSTW][ABCDGIRSTW]* .* \(.*\)$/extern char \1;/p'\'''
lt_cv_sys_global_symbol_to_import=
lt_cv_sys_max_cmd_len=786432
lt_cv_to_host_file_cmd=func_convert_file_noop
lt_cv_to_tool_file_cmd=func_convert_file_noop
lt_cv_truncate_bin='/bin/dd bs=4096 count=1'

## ----------------- ##
## Output variables. ##
## ----------------- ##

ACLOCAL='${SHELL} '\''/Users/ace/Documents/projects/C/libraries/libcfu/build-aux/missing'\'' aclocal-1.16'
AMDEPBACKSLASH='\'
AMDEP_FALSE='#'
AMDEP_TRUE=''
AMTAR='$${TAR-tar}'
AM_BACKSLASH='\'
AM_DEFAULT_V='$(AM_DEFAULT_VERBOSITY)'
AM_DEFAULT_VERBOSITY='0'
AM_V='$(V)'
AR='ar'
AUTOCONF='${SHELL} '\''/Users/ace/Documents/projects/C/libraries/libcfu/build-aux/missing'\'' autoconf'
AUTOHEADER='${SHELL} '\''/Users/ace/Documents/projects/C/libraries/libcfu/build-aux/missing'\'' autoheader'
AUTOMAKE='${SHELL} '\''/Users/ace/Documents/projects/C/libraries/libcfu/build-aux/missing'\'' automake-1.16'
AWK='awk'
CC='gcc'
CCDEPMODE='depmode=gcc3'
CFLAGS='-g -O2'
CPPFLAGS=''
CSCOPE='cscope'
CTAGS='ctags'
CYGPATH_W='echo'
DEFS='-DHAVE_CONFIG_H'
DEPDIR='.deps'
DLLTOOL='false'
DSYMUTIL='dsymutil'
DUMPBIN=''
ECHO_C='\c'
ECHO_N=''
ECHO_T=''
EGREP='/usr/bin/grep -E'
ETAGS='etags'
EXEEXT=''
FGREP='/usr/bin/grep -F'
FILECMD='file'
GREP='/usr/bin/grep'
INSTALL_DATA='${INSTALL} -m 644'
INSTALL_PROGRAM='${INSTALL}'
INSTALL_SCRIPT='${INSTALL}'
INSTALL_STRIP_PROGRAM='$(install_sh) -c -s'
LD='/Library/Developer/CommandLineTools/usr/bin/ld'
LDFLAGS=''
LIBOBJS=''
LIBS=''
LIBTOOL='$(SHELL) $(top_builddir)/libtool'
LIPO='lipo'
LN_S='ln -s'
LTLIBOBJS=''
LT_SYS_LIBRARY_PATH=''
MAKEINFO='${SHELL} '\''/Users/ace/Documents/projects/C/libraries/libcfu/build-aux/missing'\'' makeinfo'
MANIFEST_TOOL=':'
MKDIR_P='mkdir -p'
NM='/usr/bin/nm -B'
NMEDIT='nmedit'
OBJDUMP='objdump'
OBJEXT='o'
OTOOL64=':'
OTOOL='otool'
PACKAGE='libcfu'
PACKAGE_BUGREPORT='mbrush@codebrainz.ca'
PACKAGE_NAME='libcfu'
PACKAGE_STRING='libcfu 0.04'
PACKAGE_TARNAME='libcfu'
PACKAGE_URL=''
PACKAGE_VERSION='0.04'
PATH_SEPARATOR=':'
PTHREAD_LIBS='-lpthread'
RANLIB='ranlib'
REALTIME_LIBS=''
SED='/usr/bin/sed'
SET_MAKE=''
SHELL='/bin/sh'
STRIP='strip'
USE_PTHREADS_FALSE='#'
USE_PTHREADS_TRUE=''
VERSION='0.04'
ac_ct_AR='ar'
ac_ct_CC='gcc'
ac_ct_DUMPBIN=''
am__EXEEXT_FALSE=''
am__EXEEXT_TRUE='#'
am__fastdepCC_FALSE='#'
am__fastdepCC_TRUE=''
am__include='include'
am__isrc=''
am__leading_dot='.'
am__nodep='_no'
am__quote=''
am__tar='$${TAR-tar} chof - "$$tardir"'
am__untar='$${TAR-tar} xf -'
bindir='${exec_prefix}/bin'
build='aarch64-apple-darwin23.5.0'
build_alias=''
build_cpu='aarch64'
build_os='darwin23.5.0'
build_vendor='apple'
datadir='${datarootdir}'
datarootdir='${prefix}/share'
docdir='${datarootdir}/doc/${PACKAGE_TARNAME}'
dvidir='${docdir}'
exec_prefix='${prefix}'
host='aarch64-apple-darwin23.5.0'
host_alias=''
host_cpu='aarch64'
host_os='darwin23.5.0'
host_vendor='apple'
htmldir='${docdir}'
includedir='${prefix}/include'
infodir='${datarootdir}/info'
install_sh='${SHELL} /Users/ace/Documents/projects/C/libraries/libcfu/build-aux/install-sh'
libdir='${exec_prefix}/lib'
libexecdir='${exec_prefix}/libexec'
localedir='${datarootdir}/locale'
localstatedir='${prefix}/var'
mandir='${datarootdir}/man'
mkdir_p='$(MKDIR_P)'
oldincludedir='/usr/include'
pdfdir='${docdir}'
prefix='/usr/local'
program_transform_name='s,x,x,'
psdir='${docdir}'
runstatedir='${localstatedir}/run'
sbindir='${exec_prefix}/sbin'
sharedstatedir='${prefix}/com'
sysconfdir='${prefix}/etc'
target_alias=''

## ----------- ##
## confdefs.h. ##
## ----------- ##

/* confdefs.h */
#define PACKAGE_NAME "libcfu"
#define PACKAGE_TARNAME "libcfu"
#define PACKAGE_VERSION "0.04"
#define PACKAGE_STRING "libcfu 0.04"
#define PACKAGE_BUGREPORT "mbrush@codebrainz.ca"
#define PACKAGE_URL ""
#define PACKAGE "libcfu"
#define VERSION "0.04"
#define HAVE_STDIO_H 1
#define HAVE_STDLIB_H 1
#define HAVE_STRING_H 1
#define HAVE_INTTYPES_H 1
#define HAVE_STDINT_H 1
#define HAVE_STRINGS_H 1
#define HAVE_SYS_STAT_H 1
#define HAVE_SYS_TYPES_H 1
#define HAVE_UNISTD_H 1
#define HAVE_SYS_TIME_H 1
#define STDC_HEADERS 1
#define HAVE_DLFCN_H 1
#define LT_OBJDIR ".libs/"
#define TIME_WITH_SYS_TIME 1
#define HAVE_STDARG_H 1
#define HAVE_SYS_TIME_H 1
#define HAVE_MALLOC 1
#define HAVE_GETTIMEOFDAY 1
#define HAVE_MEMSET 1
#define HAVE_SNPRINTF 1
#define HAVE_STRCASECMP 1
#define HAVE_STRNCASECMP 1
#define HAVE_VSNPRINTF 1
#define HAVE_CLOCK_GETTIME 1
#define HAVE_PTHREAD_H 1

configure: exit 0
